app/build/intermediates/manifest_merge_blame_file/debug/processDebugMainManifest/manifest-merger-blame-debug-report.txt
1<?xml version="1.0" encoding="utf-8"?>
2<manifest xmlns:android="http://schemas.android.com/apk/res/android"
3    package="com.pengaduan"
4    android:versionCode="1"
5    android:versionName="1.0" >
6
7    <uses-sdk
7-->INJECTED
8        android:minSdkVersion="30"
8-->INJECTED
9        android:targetSdkVersion="36" />
9-->INJECTED
10
11    <uses-permission android:name="android.permission.INTERNET" />
11-->src\main\AndroidManifest.xml:4:5-67
11-->src\main\AndroidManifest.xml:4:22-64
12    <uses-permission android:name="android.permission.CAMERA" />
12-->src\main\AndroidManifest.xml:5:5-65
12-->src\main\AndroidManifest.xml:5:22-62
13
14    <uses-feature
14-->src\main\AndroidManifest.xml:6:5-85
15        android:name="android.hardware.camera"
15-->src\main\AndroidManifest.xml:6:19-57
16        android:required="false" />
16-->src\main\AndroidManifest.xml:6:58-82
17
18    <uses-permission
18-->src\main\AndroidManifest.xml:7:5-107
19        android:name="android.permission.READ_EXTERNAL_STORAGE"
19-->src\main\AndroidManifest.xml:7:22-77
20        android:maxSdkVersion="32" />
20-->src\main\AndroidManifest.xml:7:78-104
21    <uses-permission android:name="android.permission.READ_MEDIA_IMAGES" />
21-->src\main\AndroidManifest.xml:8:5-76
21-->src\main\AndroidManifest.xml:8:22-73
22    <uses-permission android:name="android.permission.ACCESS_FINE_LOCATION" />
22-->src\main\AndroidManifest.xml:9:5-79
22-->src\main\AndroidManifest.xml:9:22-76
23    <uses-permission android:name="android.permission.ACCESS_COARSE_LOCATION" />
23-->src\main\AndroidManifest.xml:10:5-81
23-->src\main\AndroidManifest.xml:10:22-78
24
25    <permission
25-->[androidx.core:core:1.18.0] AndroidManifest.xml:22:5-24:47
26        android:name="com.pengaduan.DYNAMIC_RECEIVER_NOT_EXPORTED_PERMISSION"
26-->[androidx.core:core:1.18.0] AndroidManifest.xml:23:9-81
27        android:protectionLevel="signature" />
27-->[androidx.core:core:1.18.0] AndroidManifest.xml:24:9-44
28
29    <uses-permission android:name="com.pengaduan.DYNAMIC_RECEIVER_NOT_EXPORTED_PERMISSION" />
29-->[androidx.core:core:1.18.0] AndroidManifest.xml:26:5-97
29-->[androidx.core:core:1.18.0] AndroidManifest.xml:26:22-94
30
31    <supports-screens
31-->[org.osmdroid:osmdroid-android:6.1.20] AndroidManifest.xml:9:5-12:40
32        android:anyDensity="true"
32-->[org.osmdroid:osmdroid-android:6.1.20] AndroidManifest.xml:10:9-34
33        android:largeScreens="true"
33-->[org.osmdroid:osmdroid-android:6.1.20] AndroidManifest.xml:11:9-36
34        android:normalScreens="true" />
34-->[org.osmdroid:osmdroid-android:6.1.20] AndroidManifest.xml:12:9-37
35
36    <uses-feature
36-->[org.osmdroid:osmdroid-android:6.1.20] AndroidManifest.xml:14:5-16:36
37        android:name="android.hardware.location.network"
37-->[org.osmdroid:osmdroid-android:6.1.20] AndroidManifest.xml:15:9-57
38        android:required="false" />
38-->[org.osmdroid:osmdroid-android:6.1.20] AndroidManifest.xml:16:9-33
39    <uses-feature
39-->[org.osmdroid:osmdroid-android:6.1.20] AndroidManifest.xml:17:5-19:36
40        android:name="android.hardware.location.gps"
40-->[org.osmdroid:osmdroid-android:6.1.20] AndroidManifest.xml:18:9-53
41        android:required="false" />
41-->[org.osmdroid:osmdroid-android:6.1.20] AndroidManifest.xml:19:9-33
42    <uses-feature
42-->[org.osmdroid:osmdroid-android:6.1.20] AndroidManifest.xml:20:5-22:36
43        android:name="android.hardware.telephony"
43-->[org.osmdroid:osmdroid-android:6.1.20] AndroidManifest.xml:21:9-50
44        android:required="false" />
44-->[org.osmdroid:osmdroid-android:6.1.20] AndroidManifest.xml:22:9-33
45    <uses-feature
45-->[org.osmdroid:osmdroid-android:6.1.20] AndroidManifest.xml:23:5-25:36
46        android:name="android.hardware.wifi"
46-->[org.osmdroid:osmdroid-android:6.1.20] AndroidManifest.xml:24:9-45
47        android:required="false" />
47-->[org.osmdroid:osmdroid-android:6.1.20] AndroidManifest.xml:25:9-33
48
49    <application
49-->src\main\AndroidManifest.xml:12:5-61:19
50        android:allowBackup="true"
50-->src\main\AndroidManifest.xml:13:9-35
51        android:appComponentFactory="androidx.core.app.CoreComponentFactory"
51-->[androidx.core:core:1.18.0] AndroidManifest.xml:28:18-86
52        android:dataExtractionRules="@xml/data_extraction_rules"
52-->src\main\AndroidManifest.xml:14:9-65
53        android:debuggable="true"
54        android:extractNativeLibs="false"
54-->INJECTED
55        android:fullBackupContent="@xml/backup_rules"
55-->src\main\AndroidManifest.xml:15:9-54
56        android:icon="@mipmap/ic_launcher"
56-->src\main\AndroidManifest.xml:16:9-43
57        android:label="@string/app_name"
57-->src\main\AndroidManifest.xml:17:9-41
58        android:roundIcon="@mipmap/ic_launcher_round"
58-->src\main\AndroidManifest.xml:18:9-54
59        android:supportsRtl="true"
59-->src\main\AndroidManifest.xml:19:9-35
60        android:theme="@style/Theme.Pengaduan"
60-->src\main\AndroidManifest.xml:20:9-47
61        android:usesCleartextTraffic="true" >
61-->src\main\AndroidManifest.xml:21:9-44
62        <activity
62-->src\main\AndroidManifest.xml:23:9-30:20
63            android:name="com.pengaduan.ui.LoginActivity"
63-->src\main\AndroidManifest.xml:24:13-45
64            android:exported="true" >
64-->src\main\AndroidManifest.xml:25:13-36
65            <intent-filter>
65-->src\main\AndroidManifest.xml:26:13-29:29
66                <action android:name="android.intent.action.MAIN" />
66-->src\main\AndroidManifest.xml:27:17-69
66-->src\main\AndroidManifest.xml:27:25-66
67
68                <category android:name="android.intent.category.LAUNCHER" />
68-->src\main\AndroidManifest.xml:28:17-77
68-->src\main\AndroidManifest.xml:28:27-74
69            </intent-filter>
70        </activity>
71        <activity
71-->src\main\AndroidManifest.xml:32:9-34:40
72            android:name="com.pengaduan.MainActivity"
72-->src\main\AndroidManifest.xml:33:13-41
73            android:exported="false" />
73-->src\main\AndroidManifest.xml:34:13-37
74        <activity
74-->src\main\AndroidManifest.xml:36:9-39:53
75            android:name="com.pengaduan.ui.FormLaporanActivity"
75-->src\main\AndroidManifest.xml:37:13-51
76            android:exported="false"
76-->src\main\AndroidManifest.xml:38:13-37
77            android:label="@string/create_report" />
77-->src\main\AndroidManifest.xml:39:13-50
78        <activity
78-->src\main\AndroidManifest.xml:41:9-44:46
79            android:name="com.pengaduan.ui.ReportDetailActivity"
79-->src\main\AndroidManifest.xml:42:13-52
80            android:exported="false"
80-->src\main\AndroidManifest.xml:43:13-37
81            android:label="Detail Laporan" />
81-->src\main\AndroidManifest.xml:44:13-43
82        <activity
82-->src\main\AndroidManifest.xml:46:9-49:44
83            android:name="com.pengaduan.ui.LocationPickerActivity"
83-->src\main\AndroidManifest.xml:47:13-54
84            android:exported="false"
84-->src\main\AndroidManifest.xml:48:13-37
85            android:label="Pilih Lokasi" />
85-->src\main\AndroidManifest.xml:49:13-41
86
87        <provider
87-->INJECTED
88            android:name="androidx.core.content.FileProvider"
88-->src\main\AndroidManifest.xml:52:13-62
89            android:authorities="com.pengaduan.fileprovider"
89-->INJECTED
90            android:exported="false"
90-->src\main\AndroidManifest.xml:54:13-37
91            android:grantUriPermissions="true" >
91-->src\main\AndroidManifest.xml:55:13-47
92            <meta-data
92-->src\main\AndroidManifest.xml:56:13-58:54
93                android:name="android.support.FILE_PROVIDER_PATHS"
93-->src\main\AndroidManifest.xml:57:17-67
94                android:resource="@xml/file_paths" />
94-->src\main\AndroidManifest.xml:58:17-51
95        </provider>
96
97        <activity
97-->[com.google.android.gms:play-services-base:18.5.0] AndroidManifest.xml:5:9-173
98            android:name="com.google.android.gms.common.api.GoogleApiActivity"
98-->[com.google.android.gms:play-services-base:18.5.0] AndroidManifest.xml:5:19-85
99            android:exported="false"
99-->[com.google.android.gms:play-services-base:18.5.0] AndroidManifest.xml:5:146-170
100            android:theme="@android:style/Theme.Translucent.NoTitleBar" />
100-->[com.google.android.gms:play-services-base:18.5.0] AndroidManifest.xml:5:86-145
101
102        <meta-data
102-->[com.google.android.gms:play-services-basement:18.4.0] AndroidManifest.xml:6:9-122
103            android:name="com.google.android.gms.version"
103-->[com.google.android.gms:play-services-basement:18.4.0] AndroidManifest.xml:6:20-65
104            android:value="@integer/google_play_services_version" />
104-->[com.google.android.gms:play-services-basement:18.4.0] AndroidManifest.xml:6:66-119
105
106        <provider
106-->[androidx.emoji2:emoji2:1.3.0] AndroidManifest.xml:24:9-32:20
107            android:name="androidx.startup.InitializationProvider"
107-->[androidx.emoji2:emoji2:1.3.0] AndroidManifest.xml:25:13-67
108            android:authorities="com.pengaduan.androidx-startup"
108-->[androidx.emoji2:emoji2:1.3.0] AndroidManifest.xml:26:13-68
109            android:exported="false" >
109-->[androidx.emoji2:emoji2:1.3.0] AndroidManifest.xml:27:13-37
110            <meta-data
110-->[androidx.emoji2:emoji2:1.3.0] AndroidManifest.xml:29:13-31:52
111                android:name="androidx.emoji2.text.EmojiCompatInitializer"
111-->[androidx.emoji2:emoji2:1.3.0] AndroidManifest.xml:30:17-75
112                android:value="androidx.startup" />
112-->[androidx.emoji2:emoji2:1.3.0] AndroidManifest.xml:31:17-49
113            <meta-data
113-->[androidx.lifecycle:lifecycle-process:2.8.0] AndroidManifest.xml:29:13-31:52
114                android:name="androidx.lifecycle.ProcessLifecycleInitializer"
114-->[androidx.lifecycle:lifecycle-process:2.8.0] AndroidManifest.xml:30:17-78
115                android:value="androidx.startup" />
115-->[androidx.lifecycle:lifecycle-process:2.8.0] AndroidManifest.xml:31:17-49
116            <meta-data
116-->[androidx.profileinstaller:profileinstaller:1.4.0] AndroidManifest.xml:29:13-31:52
117                android:name="androidx.profileinstaller.ProfileInstallerInitializer"
117-->[androidx.profileinstaller:profileinstaller:1.4.0] AndroidManifest.xml:30:17-85
118                android:value="androidx.startup" />
118-->[androidx.profileinstaller:profileinstaller:1.4.0] AndroidManifest.xml:31:17-49
119        </provider>
120
121        <receiver
121-->[androidx.profileinstaller:profileinstaller:1.4.0] AndroidManifest.xml:34:9-52:20
122            android:name="androidx.profileinstaller.ProfileInstallReceiver"
122-->[androidx.profileinstaller:profileinstaller:1.4.0] AndroidManifest.xml:35:13-76
123            android:directBootAware="false"
123-->[androidx.profileinstaller:profileinstaller:1.4.0] AndroidManifest.xml:36:13-44
124            android:enabled="true"
124-->[androidx.profileinstaller:profileinstaller:1.4.0] AndroidManifest.xml:37:13-35
125            android:exported="true"
125-->[androidx.profileinstaller:profileinstaller:1.4.0] AndroidManifest.xml:38:13-36
126            android:permission="android.permission.DUMP" >
126-->[androidx.profileinstaller:profileinstaller:1.4.0] AndroidManifest.xml:39:13-57
127            <intent-filter>
127-->[androidx.profileinstaller:profileinstaller:1.4.0] AndroidManifest.xml:40:13-42:29
128                <action android:name="androidx.profileinstaller.action.INSTALL_PROFILE" />
128-->[androidx.profileinstaller:profileinstaller:1.4.0] AndroidManifest.xml:41:17-91
128-->[androidx.profileinstaller:profileinstaller:1.4.0] AndroidManifest.xml:41:25-88
129            </intent-filter>
130            <intent-filter>
130-->[androidx.profileinstaller:profileinstaller:1.4.0] AndroidManifest.xml:43:13-45:29
131                <action android:name="androidx.profileinstaller.action.SKIP_FILE" />
131-->[androidx.profileinstaller:profileinstaller:1.4.0] AndroidManifest.xml:44:17-85
131-->[androidx.profileinstaller:profileinstaller:1.4.0] AndroidManifest.xml:44:25-82
132            </intent-filter>
133            <intent-filter>
133-->[androidx.profileinstaller:profileinstaller:1.4.0] AndroidManifest.xml:46:13-48:29
134                <action android:name="androidx.profileinstaller.action.SAVE_PROFILE" />
134-->[androidx.profileinstaller:profileinstaller:1.4.0] AndroidManifest.xml:47:17-88
134-->[androidx.profileinstaller:profileinstaller:1.4.0] AndroidManifest.xml:47:25-85
135            </intent-filter>
136            <intent-filter>
136-->[androidx.profileinstaller:profileinstaller:1.4.0] AndroidManifest.xml:49:13-51:29
137                <action android:name="androidx.profileinstaller.action.BENCHMARK_OPERATION" />
137-->[androidx.profileinstaller:profileinstaller:1.4.0] AndroidManifest.xml:50:17-95
137-->[androidx.profileinstaller:profileinstaller:1.4.0] AndroidManifest.xml:50:25-92
138            </intent-filter>
139        </receiver>
140    </application>
141
142</manifest>